#! /usr/bin/vvp
:ivl_version "11.0 (stable)" "(v11_0)";
:ivl_delay_selection "TYPICAL";
:vpi_time_precision + 0;
:vpi_module "/usr/lib/ivl/system.vpi";
:vpi_module "/usr/lib/ivl/vhdl_sys.vpi";
:vpi_module "/usr/lib/ivl/vhdl_textio.vpi";
:vpi_module "/usr/lib/ivl/v2005_math.vpi";
:vpi_module "/usr/lib/ivl/va_math.vpi";
S_0x5580b8690a00 .scope module, "alu" "alu" 2 8;
 .timescale 0 0;
    .port_info 0 /INPUT 32 "instruction";
    .port_info 1 /INPUT 32 "regA";
    .port_info 2 /INPUT 32 "regB";
    .port_info 3 /OUTPUT 32 "result";
    .port_info 4 /OUTPUT 3 "flags";
L_0x5580b86b1870 .functor BUFZ 32, v0x5580b86b0e00_0, C4<00000000000000000000000000000000>, C4<00000000000000000000000000000000>, C4<00000000000000000000000000000000>;
L_0x5580b86b1900 .functor BUFZ 3, v0x5580b8690b90_0, C4<000>, C4<000>, C4<000>;
v0x5580b8690b90_0 .var "flag", 2 0;
v0x5580b86b0510_0 .net "flags", 2 0, L_0x5580b86b1900;  1 drivers
v0x5580b86b05f0_0 .var "func", 5 0;
v0x5580b86b06b0_0 .var "immed", 15 0;
o0x7ff9aba500d8 .functor BUFZ 32, C4<zzzzzzzzzzzzzzzzzzzzzzzzzzzzzzzz>; HiZ drive
v0x5580b86b0790_0 .net "instruction", 31 0, o0x7ff9aba500d8;  0 drivers
v0x5580b86b08c0_0 .var "opcode", 5 0;
v0x5580b86b09a0_0 .var "rd", 4 0;
o0x7ff9aba50168 .functor BUFZ 32, C4<zzzzzzzzzzzzzzzzzzzzzzzzzzzzzzzz>; HiZ drive
v0x5580b86b0a80_0 .net "regA", 31 0, o0x7ff9aba50168;  0 drivers
o0x7ff9aba50198 .functor BUFZ 32, C4<zzzzzzzzzzzzzzzzzzzzzzzzzzzzzzzz>; HiZ drive
v0x5580b86b0b60_0 .net "regB", 31 0, o0x7ff9aba50198;  0 drivers
v0x5580b86b0c40_0 .var "regs", 31 0;
v0x5580b86b0d20_0 .var "regt", 31 0;
v0x5580b86b0e00_0 .var/s "res", 31 0;
v0x5580b86b0ee0_0 .net/s "result", 31 0, L_0x5580b86b1870;  1 drivers
v0x5580b86b0fc0_0 .var "rs", 4 0;
v0x5580b86b10a0_0 .var "rt", 4 0;
v0x5580b86b1180_0 .var "sa", 4 0;
v0x5580b86b1260_0 .var/s "sign_regA", 31 0;
v0x5580b86b1450_0 .var/s "sign_regB", 31 0;
v0x5580b86b1530_0 .var/s "sign_regs", 31 0;
v0x5580b86b1610_0 .var/s "sign_regt", 31 0;
v0x5580b86b16f0_0 .var "temp", 31 0;
E_0x5580b8663f20 .event edge, v0x5580b86b0b60_0, v0x5580b86b0a80_0, v0x5580b86b0790_0;
    .scope S_0x5580b8690a00;
T_0 ;
    %wait E_0x5580b8663f20;
    %load/vec4 v0x5580b86b0790_0;
    %parti/s 6, 26, 6;
    %store/vec4 v0x5580b86b08c0_0, 0, 6;
    %load/vec4 v0x5580b86b0790_0;
    %parti/s 6, 0, 2;
    %store/vec4 v0x5580b86b05f0_0, 0, 6;
    %load/vec4 v0x5580b86b0790_0;
    %parti/s 5, 21, 6;
    %store/vec4 v0x5580b86b0fc0_0, 0, 5;
    %load/vec4 v0x5580b86b0790_0;
    %parti/s 5, 16, 6;
    %store/vec4 v0x5580b86b10a0_0, 0, 5;
    %load/vec4 v0x5580b86b0790_0;
    %parti/s 5, 11, 5;
    %store/vec4 v0x5580b86b09a0_0, 0, 5;
    %load/vec4 v0x5580b86b0790_0;
    %parti/s 5, 6, 4;
    %store/vec4 v0x5580b86b1180_0, 0, 5;
    %load/vec4 v0x5580b86b0790_0;
    %parti/s 16, 0, 2;
    %store/vec4 v0x5580b86b06b0_0, 0, 16;
    %load/vec4 v0x5580b86b0a80_0;
    %store/vec4 v0x5580b86b1260_0, 0, 32;
    %load/vec4 v0x5580b86b0b60_0;
    %store/vec4 v0x5580b86b1450_0, 0, 32;
    %pushi/vec4 0, 0, 3;
    %store/vec4 v0x5580b8690b90_0, 0, 3;
    %pushi/vec4 0, 0, 32;
    %store/vec4 v0x5580b86b0e00_0, 0, 32;
    %load/vec4 v0x5580b86b0fc0_0;
    %parti/s 1, 0, 2;
    %flag_set/vec4 8;
    %jmp/0xz  T_0.0, 8;
    %load/vec4 v0x5580b86b0b60_0;
    %store/vec4 v0x5580b86b0c40_0, 0, 32;
    %load/vec4 v0x5580b86b1450_0;
    %store/vec4 v0x5580b86b1530_0, 0, 32;
    %jmp T_0.1;
T_0.0 ;
    %load/vec4 v0x5580b86b0a80_0;
    %store/vec4 v0x5580b86b0c40_0, 0, 32;
    %load/vec4 v0x5580b86b1260_0;
    %store/vec4 v0x5580b86b1530_0, 0, 32;
T_0.1 ;
    %load/vec4 v0x5580b86b10a0_0;
    %parti/s 1, 0, 2;
    %flag_set/vec4 8;
    %jmp/0xz  T_0.2, 8;
    %load/vec4 v0x5580b86b0b60_0;
    %store/vec4 v0x5580b86b0d20_0, 0, 32;
    %load/vec4 v0x5580b86b1450_0;
    %store/vec4 v0x5580b86b1610_0, 0, 32;
    %jmp T_0.3;
T_0.2 ;
    %load/vec4 v0x5580b86b0a80_0;
    %store/vec4 v0x5580b86b0d20_0, 0, 32;
    %load/vec4 v0x5580b86b1260_0;
    %store/vec4 v0x5580b86b1610_0, 0, 32;
T_0.3 ;
    %load/vec4 v0x5580b86b08c0_0;
    %dup/vec4;
    %pushi/vec4 0, 0, 6;
    %cmp/u;
    %jmp/1 T_0.4, 6;
    %dup/vec4;
    %pushi/vec4 8, 0, 6;
    %cmp/u;
    %jmp/1 T_0.5, 6;
    %dup/vec4;
    %pushi/vec4 9, 0, 6;
    %cmp/u;
    %jmp/1 T_0.6, 6;
    %dup/vec4;
    %pushi/vec4 12, 0, 6;
    %cmp/u;
    %jmp/1 T_0.7, 6;
    %dup/vec4;
    %pushi/vec4 4, 0, 6;
    %cmp/u;
    %jmp/1 T_0.8, 6;
    %dup/vec4;
    %pushi/vec4 5, 0, 6;
    %cmp/u;
    %jmp/1 T_0.9, 6;
    %dup/vec4;
    %pushi/vec4 35, 0, 6;
    %cmp/u;
    %jmp/1 T_0.10, 6;
    %dup/vec4;
    %pushi/vec4 13, 0, 6;
    %cmp/u;
    %jmp/1 T_0.11, 6;
    %dup/vec4;
    %pushi/vec4 10, 0, 6;
    %cmp/u;
    %jmp/1 T_0.12, 6;
    %dup/vec4;
    %pushi/vec4 11, 0, 6;
    %cmp/u;
    %jmp/1 T_0.13, 6;
    %dup/vec4;
    %pushi/vec4 43, 0, 6;
    %cmp/u;
    %jmp/1 T_0.14, 6;
    %dup/vec4;
    %pushi/vec4 14, 0, 6;
    %cmp/u;
    %jmp/1 T_0.15, 6;
    %jmp T_0.16;
T_0.4 ;
    %load/vec4 v0x5580b86b05f0_0;
    %dup/vec4;
    %pushi/vec4 32, 0, 6;
    %cmp/u;
    %jmp/1 T_0.17, 6;
    %dup/vec4;
    %pushi/vec4 33, 0, 6;
    %cmp/u;
    %jmp/1 T_0.18, 6;
    %dup/vec4;
    %pushi/vec4 36, 0, 6;
    %cmp/u;
    %jmp/1 T_0.19, 6;
    %dup/vec4;
    %pushi/vec4 39, 0, 6;
    %cmp/u;
    %jmp/1 T_0.20, 6;
    %dup/vec4;
    %pushi/vec4 37, 0, 6;
    %cmp/u;
    %jmp/1 T_0.21, 6;
    %dup/vec4;
    %pushi/vec4 0, 0, 6;
    %cmp/u;
    %jmp/1 T_0.22, 6;
    %dup/vec4;
    %pushi/vec4 4, 0, 6;
    %cmp/u;
    %jmp/1 T_0.23, 6;
    %dup/vec4;
    %pushi/vec4 42, 0, 6;
    %cmp/u;
    %jmp/1 T_0.24, 6;
    %dup/vec4;
    %pushi/vec4 43, 0, 6;
    %cmp/u;
    %jmp/1 T_0.25, 6;
    %dup/vec4;
    %pushi/vec4 3, 0, 6;
    %cmp/u;
    %jmp/1 T_0.26, 6;
    %dup/vec4;
    %pushi/vec4 7, 0, 6;
    %cmp/u;
    %jmp/1 T_0.27, 6;
    %dup/vec4;
    %pushi/vec4 2, 0, 6;
    %cmp/u;
    %jmp/1 T_0.28, 6;
    %dup/vec4;
    %pushi/vec4 6, 0, 6;
    %cmp/u;
    %jmp/1 T_0.29, 6;
    %dup/vec4;
    %pushi/vec4 34, 0, 6;
    %cmp/u;
    %jmp/1 T_0.30, 6;
    %dup/vec4;
    %pushi/vec4 35, 0, 6;
    %cmp/u;
    %jmp/1 T_0.31, 6;
    %dup/vec4;
    %pushi/vec4 38, 0, 6;
    %cmp/u;
    %jmp/1 T_0.32, 6;
    %jmp T_0.33;
T_0.17 ;
    %load/vec4 v0x5580b86b1530_0;
    %load/vec4 v0x5580b86b1610_0;
    %add;
    %store/vec4 v0x5580b86b0e00_0, 0, 32;
    %load/vec4 v0x5580b86b0c40_0;
    %parti/s 1, 31, 6;
    %load/vec4 v0x5580b86b0d20_0;
    %parti/s 1, 31, 6;
    %and;
    %load/vec4 v0x5580b86b0e00_0;
    %parti/s 1, 31, 6;
    %nor/r;
    %and;
    %flag_set/vec4 8;
    %load/vec4 v0x5580b86b0c40_0;
    %parti/s 1, 31, 6;
    %nor/r;
    %load/vec4 v0x5580b86b0d20_0;
    %parti/s 1, 31, 6;
    %nor/r;
    %and;
    %load/vec4 v0x5580b86b0e00_0;
    %parti/s 1, 31, 6;
    %and;
    %flag_set/vec4 9;
    %flag_or 9, 8;
    %jmp/0xz  T_0.34, 9;
    %pushi/vec4 1, 0, 1;
    %ix/load 4, 0, 0;
    %flag_set/imm 4, 0;
    %store/vec4 v0x5580b8690b90_0, 4, 1;
T_0.34 ;
    %jmp T_0.33;
T_0.18 ;
    %load/vec4 v0x5580b86b0c40_0;
    %load/vec4 v0x5580b86b0d20_0;
    %add;
    %store/vec4 v0x5580b86b0e00_0, 0, 32;
    %jmp T_0.33;
T_0.19 ;
    %load/vec4 v0x5580b86b0c40_0;
    %load/vec4 v0x5580b86b0d20_0;
    %and;
    %store/vec4 v0x5580b86b0e00_0, 0, 32;
    %jmp T_0.33;
T_0.20 ;
    %load/vec4 v0x5580b86b0c40_0;
    %load/vec4 v0x5580b86b0d20_0;
    %or;
    %inv;
    %store/vec4 v0x5580b86b0e00_0, 0, 32;
    %jmp T_0.33;
T_0.21 ;
    %load/vec4 v0x5580b86b0c40_0;
    %load/vec4 v0x5580b86b0d20_0;
    %or;
    %store/vec4 v0x5580b86b0e00_0, 0, 32;
    %jmp T_0.33;
T_0.22 ;
    %load/vec4 v0x5580b86b1180_0;
    %pad/u 32;
    %store/vec4 v0x5580b86b16f0_0, 0, 32;
    %load/vec4 v0x5580b86b10a0_0;
    %parti/s 1, 0, 2;
    %flag_set/vec4 8;
    %jmp/0xz  T_0.36, 8;
    %load/vec4 v0x5580b86b0b60_0;
    %ix/getv 4, v0x5580b86b16f0_0;
    %shiftl 4;
    %store/vec4 v0x5580b86b0e00_0, 0, 32;
T_0.36 ;
    %load/vec4 v0x5580b86b10a0_0;
    %parti/s 1, 0, 2;
    %nor/r;
    %flag_set/vec4 8;
    %jmp/0xz  T_0.38, 8;
    %load/vec4 v0x5580b86b0a80_0;
    %ix/getv 4, v0x5580b86b16f0_0;
    %shiftl 4;
    %store/vec4 v0x5580b86b0e00_0, 0, 32;
T_0.38 ;
    %jmp T_0.33;
T_0.23 ;
    %load/vec4 v0x5580b86b0d20_0;
    %load/vec4 v0x5580b86b1530_0;
    %ix/vec4 4;
    %shiftl 4;
    %store/vec4 v0x5580b86b0e00_0, 0, 32;
    %jmp T_0.33;
T_0.24 ;
    %load/vec4 v0x5580b86b1530_0;
    %load/vec4 v0x5580b86b1610_0;
    %cmp/s;
    %jmp/0xz  T_0.40, 5;
    %load/vec4 v0x5580b86b1530_0;
    %load/vec4 v0x5580b86b1610_0;
    %sub;
    %store/vec4 v0x5580b86b0e00_0, 0, 32;
    %pushi/vec4 1, 0, 1;
    %ix/load 4, 1, 0;
    %flag_set/imm 4, 0;
    %store/vec4 v0x5580b8690b90_0, 4, 1;
    %jmp T_0.41;
T_0.40 ;
    %load/vec4 v0x5580b86b1530_0;
    %load/vec4 v0x5580b86b1610_0;
    %sub;
    %store/vec4 v0x5580b86b0e00_0, 0, 32;
    %pushi/vec4 0, 0, 1;
    %ix/load 4, 1, 0;
    %flag_set/imm 4, 0;
    %store/vec4 v0x5580b8690b90_0, 4, 1;
T_0.41 ;
    %jmp T_0.33;
T_0.25 ;
    %load/vec4 v0x5580b86b0c40_0;
    %load/vec4 v0x5580b86b0d20_0;
    %cmp/u;
    %jmp/0xz  T_0.42, 5;
    %load/vec4 v0x5580b86b0c40_0;
    %load/vec4 v0x5580b86b0d20_0;
    %sub;
    %store/vec4 v0x5580b86b0e00_0, 0, 32;
    %pushi/vec4 1, 0, 1;
    %ix/load 4, 1, 0;
    %flag_set/imm 4, 0;
    %store/vec4 v0x5580b8690b90_0, 4, 1;
    %jmp T_0.43;
T_0.42 ;
    %load/vec4 v0x5580b86b0c40_0;
    %load/vec4 v0x5580b86b0d20_0;
    %sub;
    %store/vec4 v0x5580b86b0e00_0, 0, 32;
    %pushi/vec4 0, 0, 1;
    %ix/load 4, 1, 0;
    %flag_set/imm 4, 0;
    %store/vec4 v0x5580b8690b90_0, 4, 1;
T_0.43 ;
    %jmp T_0.33;
T_0.26 ;
    %load/vec4 v0x5580b86b1180_0;
    %pad/u 32;
    %store/vec4 v0x5580b86b16f0_0, 0, 32;
    %load/vec4 v0x5580b86b10a0_0;
    %parti/s 1, 0, 2;
    %flag_set/vec4 8;
    %jmp/0xz  T_0.44, 8;
    %load/vec4 v0x5580b86b1450_0;
    %ix/getv 4, v0x5580b86b16f0_0;
    %shiftr/s 4;
    %store/vec4 v0x5580b86b0e00_0, 0, 32;
T_0.44 ;
    %load/vec4 v0x5580b86b10a0_0;
    %parti/s 1, 0, 2;
    %nor/r;
    %flag_set/vec4 8;
    %jmp/0xz  T_0.46, 8;
    %load/vec4 v0x5580b86b1260_0;
    %ix/getv 4, v0x5580b86b16f0_0;
    %shiftr/s 4;
    %store/vec4 v0x5580b86b0e00_0, 0, 32;
T_0.46 ;
    %jmp T_0.33;
T_0.27 ;
    %load/vec4 v0x5580b86b1610_0;
    %load/vec4 v0x5580b86b1530_0;
    %ix/vec4 4;
    %shiftr/s 4;
    %store/vec4 v0x5580b86b0e00_0, 0, 32;
    %jmp T_0.33;
T_0.28 ;
    %load/vec4 v0x5580b86b1180_0;
    %pad/u 32;
    %store/vec4 v0x5580b86b16f0_0, 0, 32;
    %load/vec4 v0x5580b86b10a0_0;
    %parti/s 1, 0, 2;
    %flag_set/vec4 8;
    %jmp/0xz  T_0.48, 8;
    %load/vec4 v0x5580b86b0b60_0;
    %ix/getv 4, v0x5580b86b16f0_0;
    %shiftr 4;
    %store/vec4 v0x5580b86b0e00_0, 0, 32;
T_0.48 ;
    %load/vec4 v0x5580b86b10a0_0;
    %parti/s 1, 0, 2;
    %nor/r;
    %flag_set/vec4 8;
    %jmp/0xz  T_0.50, 8;
    %load/vec4 v0x5580b86b0a80_0;
    %ix/getv 4, v0x5580b86b16f0_0;
    %shiftr 4;
    %store/vec4 v0x5580b86b0e00_0, 0, 32;
T_0.50 ;
    %jmp T_0.33;
T_0.29 ;
    %load/vec4 v0x5580b86b0d20_0;
    %load/vec4 v0x5580b86b1530_0;
    %ix/vec4 4;
    %shiftr 4;
    %store/vec4 v0x5580b86b0e00_0, 0, 32;
    %jmp T_0.33;
T_0.30 ;
    %load/vec4 v0x5580b86b1530_0;
    %load/vec4 v0x5580b86b1610_0;
    %sub;
    %store/vec4 v0x5580b86b0e00_0, 0, 32;
    %load/vec4 v0x5580b86b0c40_0;
    %parti/s 1, 31, 6;
    %load/vec4 v0x5580b86b0d20_0;
    %parti/s 1, 31, 6;
    %nor/r;
    %and;
    %load/vec4 v0x5580b86b0e00_0;
    %parti/s 1, 31, 6;
    %nor/r;
    %and;
    %flag_set/vec4 8;
    %load/vec4 v0x5580b86b0c40_0;
    %parti/s 1, 31, 6;
    %nor/r;
    %load/vec4 v0x5580b86b0d20_0;
    %parti/s 1, 31, 6;
    %and;
    %load/vec4 v0x5580b86b0e00_0;
    %parti/s 1, 31, 6;
    %and;
    %flag_set/vec4 9;
    %flag_or 9, 8;
    %jmp/0xz  T_0.52, 9;
    %pushi/vec4 1, 0, 1;
    %ix/load 4, 0, 0;
    %flag_set/imm 4, 0;
    %store/vec4 v0x5580b8690b90_0, 4, 1;
T_0.52 ;
    %jmp T_0.33;
T_0.31 ;
    %load/vec4 v0x5580b86b0c40_0;
    %load/vec4 v0x5580b86b0d20_0;
    %sub;
    %store/vec4 v0x5580b86b0e00_0, 0, 32;
    %jmp T_0.33;
T_0.32 ;
    %load/vec4 v0x5580b86b0c40_0;
    %load/vec4 v0x5580b86b0d20_0;
    %xor;
    %store/vec4 v0x5580b86b0e00_0, 0, 32;
    %jmp T_0.33;
T_0.33 ;
    %pop/vec4 1;
    %jmp T_0.16;
T_0.5 ;
    %load/vec4 v0x5580b86b06b0_0;
    %parti/s 1, 15, 5;
    %flag_set/vec4 8;
    %jmp/0xz  T_0.54, 8;
    %pushi/vec4 4369, 0, 16;
    %load/vec4 v0x5580b86b06b0_0;
    %concat/vec4; draw_concat_vec4
    %store/vec4 v0x5580b86b16f0_0, 0, 32;
    %jmp T_0.55;
T_0.54 ;
    %pushi/vec4 0, 0, 16;
    %load/vec4 v0x5580b86b06b0_0;
    %concat/vec4; draw_concat_vec4
    %store/vec4 v0x5580b86b16f0_0, 0, 32;
T_0.55 ;
    %load/vec4 v0x5580b86b0fc0_0;
    %parti/s 1, 0, 2;
    %flag_set/vec4 8;
    %jmp/0xz  T_0.56, 8;
    %load/vec4 v0x5580b86b1450_0;
    %load/vec4 v0x5580b86b16f0_0;
    %add;
    %store/vec4 v0x5580b86b0e00_0, 0, 32;
    %load/vec4 v0x5580b86b1450_0;
    %parti/s 1, 31, 6;
    %load/vec4 v0x5580b86b16f0_0;
    %parti/s 1, 31, 6;
    %and;
    %load/vec4 v0x5580b86b0e00_0;
    %parti/s 1, 31, 6;
    %nor/r;
    %and;
    %flag_set/vec4 8;
    %load/vec4 v0x5580b86b1450_0;
    %parti/s 1, 31, 6;
    %nor/r;
    %load/vec4 v0x5580b86b16f0_0;
    %parti/s 1, 31, 6;
    %nor/r;
    %and;
    %load/vec4 v0x5580b86b0e00_0;
    %parti/s 1, 31, 6;
    %and;
    %flag_set/vec4 9;
    %flag_or 9, 8;
    %jmp/0xz  T_0.58, 9;
    %pushi/vec4 1, 0, 1;
    %ix/load 4, 0, 0;
    %flag_set/imm 4, 0;
    %store/vec4 v0x5580b8690b90_0, 4, 1;
T_0.58 ;
T_0.56 ;
    %load/vec4 v0x5580b86b0fc0_0;
    %parti/s 1, 0, 2;
    %nor/r;
    %flag_set/vec4 8;
    %jmp/0xz  T_0.60, 8;
    %load/vec4 v0x5580b86b1260_0;
    %load/vec4 v0x5580b86b16f0_0;
    %add;
    %store/vec4 v0x5580b86b0e00_0, 0, 32;
    %load/vec4 v0x5580b86b1260_0;
    %parti/s 1, 31, 6;
    %load/vec4 v0x5580b86b16f0_0;
    %parti/s 1, 31, 6;
    %and;
    %load/vec4 v0x5580b86b0e00_0;
    %parti/s 1, 31, 6;
    %nor/r;
    %and;
    %flag_set/vec4 8;
    %load/vec4 v0x5580b86b1260_0;
    %parti/s 1, 31, 6;
    %nor/r;
    %load/vec4 v0x5580b86b16f0_0;
    %parti/s 1, 31, 6;
    %nor/r;
    %and;
    %load/vec4 v0x5580b86b0e00_0;
    %parti/s 1, 31, 6;
    %and;
    %flag_set/vec4 9;
    %flag_or 9, 8;
    %jmp/0xz  T_0.62, 9;
    %pushi/vec4 1, 0, 1;
    %ix/load 4, 0, 0;
    %flag_set/imm 4, 0;
    %store/vec4 v0x5580b8690b90_0, 4, 1;
T_0.62 ;
T_0.60 ;
    %jmp T_0.16;
T_0.6 ;
    %load/vec4 v0x5580b86b06b0_0;
    %parti/s 1, 15, 5;
    %flag_set/vec4 8;
    %jmp/0xz  T_0.64, 8;
    %pushi/vec4 4369, 0, 16;
    %load/vec4 v0x5580b86b06b0_0;
    %concat/vec4; draw_concat_vec4
    %store/vec4 v0x5580b86b16f0_0, 0, 32;
    %jmp T_0.65;
T_0.64 ;
    %pushi/vec4 0, 0, 16;
    %load/vec4 v0x5580b86b06b0_0;
    %concat/vec4; draw_concat_vec4
    %store/vec4 v0x5580b86b16f0_0, 0, 32;
T_0.65 ;
    %load/vec4 v0x5580b86b0fc0_0;
    %parti/s 1, 0, 2;
    %flag_set/vec4 8;
    %jmp/0xz  T_0.66, 8;
    %load/vec4 v0x5580b86b0b60_0;
    %load/vec4 v0x5580b86b16f0_0;
    %add;
    %store/vec4 v0x5580b86b0e00_0, 0, 32;
T_0.66 ;
    %load/vec4 v0x5580b86b0fc0_0;
    %parti/s 1, 0, 2;
    %nor/r;
    %flag_set/vec4 8;
    %jmp/0xz  T_0.68, 8;
    %load/vec4 v0x5580b86b0a80_0;
    %load/vec4 v0x5580b86b16f0_0;
    %add;
    %store/vec4 v0x5580b86b0e00_0, 0, 32;
T_0.68 ;
    %jmp T_0.16;
T_0.7 ;
    %pushi/vec4 0, 0, 16;
    %load/vec4 v0x5580b86b06b0_0;
    %concat/vec4; draw_concat_vec4
    %store/vec4 v0x5580b86b16f0_0, 0, 32;
    %load/vec4 v0x5580b86b0fc0_0;
    %parti/s 1, 0, 2;
    %flag_set/vec4 8;
    %jmp/0xz  T_0.70, 8;
    %load/vec4 v0x5580b86b0b60_0;
    %load/vec4 v0x5580b86b16f0_0;
    %and;
    %store/vec4 v0x5580b86b0e00_0, 0, 32;
T_0.70 ;
    %load/vec4 v0x5580b86b0fc0_0;
    %parti/s 1, 0, 2;
    %nor/r;
    %flag_set/vec4 8;
    %jmp/0xz  T_0.72, 8;
    %load/vec4 v0x5580b86b0a80_0;
    %load/vec4 v0x5580b86b16f0_0;
    %and;
    %store/vec4 v0x5580b86b0e00_0, 0, 32;
T_0.72 ;
    %jmp T_0.16;
T_0.8 ;
    %load/vec4 v0x5580b86b0a80_0;
    %load/vec4 v0x5580b86b0b60_0;
    %sub;
    %cmpi/e 0, 0, 32;
    %jmp/0xz  T_0.74, 4;
    %load/vec4 v0x5580b86b0a80_0;
    %load/vec4 v0x5580b86b0b60_0;
    %sub;
    %store/vec4 v0x5580b86b0e00_0, 0, 32;
    %pushi/vec4 1, 0, 1;
    %ix/load 4, 2, 0;
    %flag_set/imm 4, 0;
    %store/vec4 v0x5580b8690b90_0, 4, 1;
    %jmp T_0.75;
T_0.74 ;
    %load/vec4 v0x5580b86b0a80_0;
    %load/vec4 v0x5580b86b0b60_0;
    %sub;
    %store/vec4 v0x5580b86b0e00_0, 0, 32;
    %pushi/vec4 0, 0, 1;
    %ix/load 4, 2, 0;
    %flag_set/imm 4, 0;
    %store/vec4 v0x5580b8690b90_0, 4, 1;
T_0.75 ;
    %jmp T_0.16;
T_0.9 ;
    %load/vec4 v0x5580b86b0a80_0;
    %load/vec4 v0x5580b86b0b60_0;
    %sub;
    %cmpi/ne 0, 0, 32;
    %jmp/0xz  T_0.76, 4;
    %load/vec4 v0x5580b86b0a80_0;
    %load/vec4 v0x5580b86b0b60_0;
    %sub;
    %store/vec4 v0x5580b86b0e00_0, 0, 32;
    %pushi/vec4 0, 0, 1;
    %ix/load 4, 2, 0;
    %flag_set/imm 4, 0;
    %store/vec4 v0x5580b8690b90_0, 4, 1;
    %jmp T_0.77;
T_0.76 ;
    %load/vec4 v0x5580b86b0a80_0;
    %load/vec4 v0x5580b86b0b60_0;
    %sub;
    %store/vec4 v0x5580b86b0e00_0, 0, 32;
    %pushi/vec4 1, 0, 1;
    %ix/load 4, 2, 0;
    %flag_set/imm 4, 0;
    %store/vec4 v0x5580b8690b90_0, 4, 1;
T_0.77 ;
    %jmp T_0.16;
T_0.10 ;
    %load/vec4 v0x5580b86b06b0_0;
    %parti/s 1, 15, 5;
    %flag_set/vec4 8;
    %jmp/0xz  T_0.78, 8;
    %pushi/vec4 4369, 0, 16;
    %load/vec4 v0x5580b86b06b0_0;
    %concat/vec4; draw_concat_vec4
    %store/vec4 v0x5580b86b16f0_0, 0, 32;
    %jmp T_0.79;
T_0.78 ;
    %pushi/vec4 0, 0, 16;
    %load/vec4 v0x5580b86b06b0_0;
    %concat/vec4; draw_concat_vec4
    %store/vec4 v0x5580b86b16f0_0, 0, 32;
T_0.79 ;
    %load/vec4 v0x5580b86b0fc0_0;
    %parti/s 1, 0, 2;
    %flag_set/vec4 8;
    %jmp/0xz  T_0.80, 8;
    %load/vec4 v0x5580b86b0b60_0;
    %load/vec4 v0x5580b86b16f0_0;
    %add;
    %store/vec4 v0x5580b86b0e00_0, 0, 32;
T_0.80 ;
    %load/vec4 v0x5580b86b0fc0_0;
    %parti/s 1, 0, 2;
    %nor/r;
    %flag_set/vec4 8;
    %jmp/0xz  T_0.82, 8;
    %load/vec4 v0x5580b86b0a80_0;
    %load/vec4 v0x5580b86b16f0_0;
    %add;
    %store/vec4 v0x5580b86b0e00_0, 0, 32;
T_0.82 ;
    %jmp T_0.16;
T_0.11 ;
    %pushi/vec4 0, 0, 16;
    %load/vec4 v0x5580b86b06b0_0;
    %concat/vec4; draw_concat_vec4
    %store/vec4 v0x5580b86b16f0_0, 0, 32;
    %load/vec4 v0x5580b86b0fc0_0;
    %parti/s 1, 0, 2;
    %flag_set/vec4 8;
    %jmp/0xz  T_0.84, 8;
    %load/vec4 v0x5580b86b0b60_0;
    %load/vec4 v0x5580b86b16f0_0;
    %or;
    %store/vec4 v0x5580b86b0e00_0, 0, 32;
T_0.84 ;
    %load/vec4 v0x5580b86b0fc0_0;
    %parti/s 1, 1, 2;
    %flag_set/vec4 8;
    %jmp/0xz  T_0.86, 8;
    %load/vec4 v0x5580b86b0a80_0;
    %load/vec4 v0x5580b86b16f0_0;
    %or;
    %store/vec4 v0x5580b86b0e00_0, 0, 32;
T_0.86 ;
    %jmp T_0.16;
T_0.12 ;
    %load/vec4 v0x5580b86b06b0_0;
    %parti/s 1, 15, 5;
    %flag_set/vec4 8;
    %jmp/0xz  T_0.88, 8;
    %pushi/vec4 4369, 0, 16;
    %load/vec4 v0x5580b86b06b0_0;
    %concat/vec4; draw_concat_vec4
    %store/vec4 v0x5580b86b16f0_0, 0, 32;
    %jmp T_0.89;
T_0.88 ;
    %pushi/vec4 0, 0, 16;
    %load/vec4 v0x5580b86b06b0_0;
    %concat/vec4; draw_concat_vec4
    %store/vec4 v0x5580b86b16f0_0, 0, 32;
T_0.89 ;
    %load/vec4 v0x5580b86b0fc0_0;
    %parti/s 1, 0, 2;
    %flag_set/vec4 8;
    %jmp/0xz  T_0.90, 8;
    %load/vec4 v0x5580b86b1450_0;
    %load/vec4 v0x5580b86b16f0_0;
    %cmp/s;
    %jmp/0xz  T_0.92, 5;
    %load/vec4 v0x5580b86b1450_0;
    %load/vec4 v0x5580b86b16f0_0;
    %sub;
    %store/vec4 v0x5580b86b0e00_0, 0, 32;
    %pushi/vec4 1, 0, 1;
    %ix/load 4, 1, 0;
    %flag_set/imm 4, 0;
    %store/vec4 v0x5580b8690b90_0, 4, 1;
    %jmp T_0.93;
T_0.92 ;
    %load/vec4 v0x5580b86b1450_0;
    %load/vec4 v0x5580b86b16f0_0;
    %sub;
    %store/vec4 v0x5580b86b0e00_0, 0, 32;
    %pushi/vec4 0, 0, 1;
    %ix/load 4, 1, 0;
    %flag_set/imm 4, 0;
    %store/vec4 v0x5580b8690b90_0, 4, 1;
T_0.93 ;
T_0.90 ;
    %load/vec4 v0x5580b86b0fc0_0;
    %parti/s 1, 0, 2;
    %nor/r;
    %flag_set/vec4 8;
    %jmp/0xz  T_0.94, 8;
    %load/vec4 v0x5580b86b1260_0;
    %load/vec4 v0x5580b86b16f0_0;
    %cmp/s;
    %jmp/0xz  T_0.96, 5;
    %load/vec4 v0x5580b86b1260_0;
    %load/vec4 v0x5580b86b16f0_0;
    %sub;
    %store/vec4 v0x5580b86b0e00_0, 0, 32;
    %pushi/vec4 1, 0, 1;
    %ix/load 4, 1, 0;
    %flag_set/imm 4, 0;
    %store/vec4 v0x5580b8690b90_0, 4, 1;
    %jmp T_0.97;
T_0.96 ;
    %load/vec4 v0x5580b86b1260_0;
    %load/vec4 v0x5580b86b16f0_0;
    %sub;
    %store/vec4 v0x5580b86b0e00_0, 0, 32;
    %pushi/vec4 0, 0, 1;
    %ix/load 4, 1, 0;
    %flag_set/imm 4, 0;
    %store/vec4 v0x5580b8690b90_0, 4, 1;
T_0.97 ;
T_0.94 ;
    %jmp T_0.16;
T_0.13 ;
    %load/vec4 v0x5580b86b06b0_0;
    %parti/s 1, 15, 5;
    %flag_set/vec4 8;
    %jmp/0xz  T_0.98, 8;
    %pushi/vec4 4369, 0, 16;
    %load/vec4 v0x5580b86b06b0_0;
    %concat/vec4; draw_concat_vec4
    %store/vec4 v0x5580b86b16f0_0, 0, 32;
    %jmp T_0.99;
T_0.98 ;
    %pushi/vec4 0, 0, 16;
    %load/vec4 v0x5580b86b06b0_0;
    %concat/vec4; draw_concat_vec4
    %store/vec4 v0x5580b86b16f0_0, 0, 32;
T_0.99 ;
    %load/vec4 v0x5580b86b0fc0_0;
    %parti/s 1, 0, 2;
    %flag_set/vec4 8;
    %jmp/0xz  T_0.100, 8;
    %load/vec4 v0x5580b86b0b60_0;
    %load/vec4 v0x5580b86b16f0_0;
    %cmp/u;
    %jmp/0xz  T_0.102, 5;
    %load/vec4 v0x5580b86b0b60_0;
    %load/vec4 v0x5580b86b16f0_0;
    %sub;
    %store/vec4 v0x5580b86b0e00_0, 0, 32;
    %pushi/vec4 1, 0, 1;
    %ix/load 4, 1, 0;
    %flag_set/imm 4, 0;
    %store/vec4 v0x5580b8690b90_0, 4, 1;
    %jmp T_0.103;
T_0.102 ;
    %load/vec4 v0x5580b86b0b60_0;
    %load/vec4 v0x5580b86b16f0_0;
    %sub;
    %store/vec4 v0x5580b86b0e00_0, 0, 32;
    %pushi/vec4 0, 0, 1;
    %ix/load 4, 1, 0;
    %flag_set/imm 4, 0;
    %store/vec4 v0x5580b8690b90_0, 4, 1;
T_0.103 ;
T_0.100 ;
    %load/vec4 v0x5580b86b0fc0_0;
    %parti/s 1, 0, 2;
    %nor/r;
    %flag_set/vec4 8;
    %jmp/0xz  T_0.104, 8;
    %load/vec4 v0x5580b86b0a80_0;
    %load/vec4 v0x5580b86b16f0_0;
    %cmp/u;
    %jmp/0xz  T_0.106, 5;
    %load/vec4 v0x5580b86b0a80_0;
    %load/vec4 v0x5580b86b16f0_0;
    %sub;
    %store/vec4 v0x5580b86b0e00_0, 0, 32;
    %pushi/vec4 1, 0, 1;
    %ix/load 4, 1, 0;
    %flag_set/imm 4, 0;
    %store/vec4 v0x5580b8690b90_0, 4, 1;
    %jmp T_0.107;
T_0.106 ;
    %load/vec4 v0x5580b86b0a80_0;
    %load/vec4 v0x5580b86b16f0_0;
    %sub;
    %store/vec4 v0x5580b86b0e00_0, 0, 32;
    %pushi/vec4 0, 0, 1;
    %ix/load 4, 1, 0;
    %flag_set/imm 4, 0;
    %store/vec4 v0x5580b8690b90_0, 4, 1;
T_0.107 ;
T_0.104 ;
    %jmp T_0.16;
T_0.14 ;
    %load/vec4 v0x5580b86b06b0_0;
    %parti/s 1, 15, 5;
    %flag_set/vec4 8;
    %jmp/0xz  T_0.108, 8;
    %pushi/vec4 4369, 0, 16;
    %load/vec4 v0x5580b86b06b0_0;
    %concat/vec4; draw_concat_vec4
    %store/vec4 v0x5580b86b16f0_0, 0, 32;
    %jmp T_0.109;
T_0.108 ;
    %pushi/vec4 0, 0, 16;
    %load/vec4 v0x5580b86b06b0_0;
    %concat/vec4; draw_concat_vec4
    %store/vec4 v0x5580b86b16f0_0, 0, 32;
T_0.109 ;
    %load/vec4 v0x5580b86b0fc0_0;
    %parti/s 1, 0, 2;
    %flag_set/vec4 8;
    %jmp/0xz  T_0.110, 8;
    %load/vec4 v0x5580b86b0b60_0;
    %load/vec4 v0x5580b86b16f0_0;
    %add;
    %store/vec4 v0x5580b86b0e00_0, 0, 32;
T_0.110 ;
    %load/vec4 v0x5580b86b0fc0_0;
    %parti/s 1, 0, 2;
    %nor/r;
    %flag_set/vec4 8;
    %jmp/0xz  T_0.112, 8;
    %load/vec4 v0x5580b86b0a80_0;
    %load/vec4 v0x5580b86b16f0_0;
    %add;
    %store/vec4 v0x5580b86b0e00_0, 0, 32;
T_0.112 ;
    %jmp T_0.16;
T_0.15 ;
    %pushi/vec4 0, 0, 16;
    %load/vec4 v0x5580b86b06b0_0;
    %concat/vec4; draw_concat_vec4
    %store/vec4 v0x5580b86b16f0_0, 0, 32;
    %load/vec4 v0x5580b86b0fc0_0;
    %parti/s 1, 0, 2;
    %flag_set/vec4 8;
    %jmp/0xz  T_0.114, 8;
    %load/vec4 v0x5580b86b0b60_0;
    %load/vec4 v0x5580b86b16f0_0;
    %xor;
    %store/vec4 v0x5580b86b0e00_0, 0, 32;
T_0.114 ;
    %load/vec4 v0x5580b86b0fc0_0;
    %parti/s 1, 0, 2;
    %nor/r;
    %flag_set/vec4 8;
    %jmp/0xz  T_0.116, 8;
    %load/vec4 v0x5580b86b0a80_0;
    %load/vec4 v0x5580b86b16f0_0;
    %xor;
    %store/vec4 v0x5580b86b0e00_0, 0, 32;
T_0.116 ;
    %jmp T_0.16;
T_0.16 ;
    %pop/vec4 1;
    %jmp T_0;
    .thread T_0, $push;
# The file index is used to find the file name in the following table.
:file_names 3;
    "N/A";
    "<interactive>";
    "alu.v";
